TN:
SF:src\components\index.ts
FNF:0
FNH:0
LF:0
LH:0
BRF:0
BRH:0
end_of_record
TN:
SF:src\components\common\AppButton\index.tsx
FN:15,(anonymous_0)
FN:30,(anonymous_1)
FNF:2
FNH:2
FNDA:5,(anonymous_0)
FNDA:1,(anonymous_1)
DA:15,3
DA:21,5
DA:22,5
DA:30,1
DA:37,3
LF:5
LH:5
BRDA:18,0,0,4
BRDA:19,1,0,3
BRDA:26,2,0,5
BRDA:26,2,1,0
BRDA:28,3,0,5
BRDA:28,3,1,0
BRF:6
BRH:4
end_of_record
TN:
SF:src\components\common\AppSafeArea\index.tsx
FN:10,(anonymous_0)
FNF:1
FNH:1
FNDA:1,(anonymous_0)
DA:10,3
DA:11,1
DA:18,3
LF:3
LH:3
BRF:0
BRH:0
end_of_record
TN:
SF:src\components\common\AppText\index.tsx
FN:18,(anonymous_0)
FN:32,(anonymous_1)
FNF:2
FNH:2
FNDA:8,(anonymous_0)
FNDA:8,(anonymous_1)
DA:18,3
DA:19,8
DA:21,8
DA:32,8
LF:4
LH:4
BRDA:18,0,0,7
BRF:1
BRH:1
end_of_record
TN:
SF:src\hooks\useResponsive\index.ts
FN:7,(anonymous_0)
FN:11,(anonymous_1)
FN:15,(anonymous_2)
FNF:3
FNH:3
FNDA:15,(anonymous_0)
FNDA:11,(anonymous_1)
FNDA:11,(anonymous_2)
DA:7,1
DA:8,15
DA:9,15
DA:11,15
DA:12,11
DA:15,15
DA:16,11
DA:17,11
DA:20,15
DA:21,15
DA:23,15
LF:11
LH:11
BRDA:21,0,0,15
BRDA:21,0,1,13
BRF:2
BRH:2
end_of_record
TN:
SF:src\theme\breakpoints.ts
FNF:0
FNH:0
DA:1,3
LF:1
LH:1
BRF:0
BRH:0
end_of_record
TN:
SF:src\theme\colors.ts
FNF:0
FNH:0
DA:1,3
LF:1
LH:1
BRF:0
BRH:0
end_of_record
TN:
SF:src\theme\index.ts
FNF:0
FNH:0
LF:0
LH:0
BRF:0
BRH:0
end_of_record
TN:
SF:src\theme\palette.ts
FNF:0
FNH:0
DA:3,3
LF:1
LH:1
BRF:0
BRH:0
end_of_record
TN:
SF:src\theme\radius.ts
FNF:0
FNH:0
DA:1,3
LF:1
LH:1
BRF:0
BRH:0
end_of_record
TN:
SF:src\theme\spacing.ts
FNF:0
FNH:0
DA:1,3
LF:1
LH:1
BRF:0
BRH:0
end_of_record
TN:
SF:src\theme\theme.ts
FNF:0
FNH:0
DA:5,3
DA:45,3
LF:2
LH:2
BRF:0
BRH:0
end_of_record
TN:
SF:src\theme\typograpy.ts
FNF:0
FNH:0
DA:3,3
DA:18,3
LF:2
LH:2
BRF:0
BRH:0
end_of_record
TN:
SF:test\TestProviders\NavigationContainer.tsx
FN:5,(anonymous_0)
FN:11,(anonymous_1)
FNF:2
FNH:2
FNDA:8,(anonymous_0)
FNDA:8,(anonymous_1)
DA:5,2
DA:6,8
DA:11,2
DA:12,8
LF:4
LH:4
BRF:0
BRH:0
end_of_record
